<?xml version="1.0" encoding="UTF-8"?>
<!-- Generated by org.testng.reporters.JUnitReportReporter -->
<testsuite skipped="0" hostname="DESKTOP-L49GJNQ" name="udemy.Array3D" tests="1" failures="0" timestamp="2020-06-16T14:43:50 CDT" time="0.016" errors="0">
  <testcase name="threeDArray" time="0.016" classname="udemy.Array3D"/>
  <system-out/>
</testsuite> <!-- udemy.Array3D -->
