<?xml version="1.0" encoding="UTF-8"?>
<!-- Generated by org.testng.reporters.JUnitReportReporter -->
<testsuite skipped="0" hostname="DESKTOP-L49GJNQ" name="udemy.ControlKeys" tests="1" failures="0" timestamp="2020-06-16T14:43:50 CDT" time="5.420" errors="0">
  <testcase name="copyPaste" time="5.420" classname="udemy.ControlKeys"/>
  <system-out/>
</testsuite> <!-- udemy.ControlKeys -->
