<?xml version="1.0" encoding="UTF-8"?>
<!-- Generated by org.testng.reporters.JUnitReportReporter -->
<testsuite skipped="0" hostname="DESKTOP-L49GJNQ" name="udemy.MouseOverTest" tests="1" failures="0" timestamp="2020-06-16T14:43:50 CDT" time="15.489" errors="0">
  <testcase name="clickTibet" time="15.489" classname="udemy.MouseOverTest"/>
  <system-out/>
</testsuite> <!-- udemy.MouseOverTest -->
