<?xml version="1.0" encoding="UTF-8"?>
<!-- Generated by org.testng.reporters.JUnitReportReporter -->
<testsuite skipped="0" hostname="DESKTOP-L49GJNQ" name="udemy.EnterKeys" tests="1" failures="0" timestamp="2020-06-16T14:13:15 CDT" time="4.418" errors="0">
  <testcase name="testEnterkey" time="4.418" classname="udemy.EnterKeys"/>
  <system-out/>
</testsuite> <!-- udemy.EnterKeys -->
