<?xml version="1.0" encoding="UTF-8"?>
<!-- Generated by org.testng.reporters.JUnitReportReporter -->
<testsuite skipped="0" hostname="DESKTOP-L49GJNQ" name="udemy.RightClick" tests="1" failures="0" timestamp="2020-06-16T14:43:50 CDT" time="2.386" errors="0">
  <testcase name="testRightClick" time="2.386" classname="udemy.RightClick"/>
  <system-out/>
</testsuite> <!-- udemy.RightClick -->
