<?xml version="1.0" encoding="UTF-8"?>
<!-- Generated by org.testng.reporters.JUnitReportReporter -->
<testsuite skipped="0" hostname="DESKTOP-L49GJNQ" name="udemy.Array2D" tests="1" failures="0" timestamp="2020-09-20T09:09:57 CDT" time="0.006" errors="0">
  <testcase name="twoDAarry" time="0.006" classname="udemy.Array2D"/>
  <system-out/>
</testsuite> <!-- udemy.Array2D -->
