<?xml version="1.0" encoding="UTF-8"?>
<!-- Generated by org.testng.reporters.JUnitReportReporter -->
<testsuite skipped="1" hostname="DESKTOP-L49GJNQ" name="SkippingTest" tests="1" failures="0" timestamp="2020-06-18T19:21:04 CDT" time="0.012" errors="0">
  <testcase name="skipTest" time="0.012" classname="SkippingTest">
    <skipped/>
  </testcase> <!-- skipTest -->
  <system-out/>
</testsuite> <!-- SkippingTest -->
